17.9595 	EXP 	Created window1 = Window(allowGUI=False, allowStencil=False, args=UNKNOWN, autoLog=True, bitsMode=UNKNOWN, blendMode='avg', color=array([-1., -1., -1.]), colorSpace='rgb', fullscr=<method-wrapper '__getattribute__' of attributeSetter object at 0x000000002D8288D0>, gamma=None, gammaErrorPolicy='raise', kwargs=UNKNOWN, lms=UNKNOWN, monitor=<psychopy.monitors.calibTools.Monitor object at 0x000000002DA0D0B8>, multiSample=False, name='window1', numSamples=2, pos=[0.0, 0.0], screen=0, size=array([1920, 1080]), stereo=False, units='norm', useFBO=True, useRetina=False, viewOri=0.0, viewPos=None, viewScale=None, waitBlanking=True, winType='pyglet')
17.9596 	EXP 	window1: recordFrameIntervals = False
18.1259 	EXP 	window1: recordFrameIntervals = True
18.3093 	EXP 	window1: recordFrameIntervals = False
18.6335 	EXP 	window1: units = 'pix'
18.6421 	EXP 	window1: mouseVisible = False
18.6583 	EXP 	Created unnamed TextStim = TextStim(__class__=<class 'psychopy.visual.text.TextStim'>, alignHoriz='center', alignVert='center', antialias=True, autoLog=True, bold=False, color=array([1., 1., 1.]), colorSpace='rgb', contrast=1.0, depth=0, flipHoriz=False, flipVert=False, font='', fontFiles=[], height=24.0, italic=False, languageStyle='LTR', name='unnamed TextStim', opacity=1.0, ori=0.0, pos=array([   0., -264.]), rgb=array([1., 1., 1.]), text='', units='pix', win=Window(...), wrapWidth=1920)
18.7023 	EXP 	Created unnamed TextStim = TextStim(__class__=<class 'psychopy.visual.text.TextStim'>, alignHoriz='left', alignVert='top', antialias=True, autoLog=True, bold=False, color=array([1., 1., 1.]), colorSpace='rgb', contrast=1.0, depth=0, flipHoriz=False, flipVert=False, font='', fontFiles=[], height=24.0, italic=False, languageStyle='LTR', name='unnamed TextStim', opacity=1.0, ori=0.0, pos=array([-960.,  540.]), rgb=array([1., 1., 1.]), text=str(...), units='pix', win=Window(...), wrapWidth=500)
18.7034 	EXP 	Created unnamed Line = Line(__class__=<class 'psychopy.visual.line.Line'>, autoDraw=False, autoLog=True, closeShape=False, contrast=1.0, depth=0, fillColor=None, fillColorSpace='rgb', interpolate=True, lineColor=array([0., 0., 0.]), lineColorSpace='rgb', lineWidth=2.0, name='unnamed Line', opacity=1.0, ori=array(0.), pos=array([0., 0.]), size=array([1., 1.]), units='pix', vertices=array([[0., 0.],
       [0., 0.]]), win=Window(...), windingRule=None)
28.8974 	DATA 	Keypress: d
28.8985 	EXP 	window1: color = <class 'numpy.ndarray'>
28.9090 	EXP 	unnamed TextStim: autoDraw = True
28.9090 	EXP 	unnamed TextStim: autoDraw = True
28.9090 	EXP 	unnamed TextStim: autoDraw = False
28.9090 	EXP 	unnamed TextStim: autoDraw = False
28.9258 	EXP 	window1: color = <class 'numpy.ndarray'>
28.9423 	EXP 	unnamed TextStim: autoDraw = False
28.9423 	EXP 	unnamed TextStim: autoDraw = False
28.9591 	EXP 	window1: color = <class 'numpy.ndarray'>
28.9757 	EXP 	unnamed TextStim: autoDraw = False
28.9757 	EXP 	unnamed TextStim: autoDraw = False
28.9776 	EXP 	Created unnamed GratingStim = GratingStim(__class__=<class 'psychopy.visual.grating.GratingStim'>, autoDraw=False, autoLog=True, blendmode='avg', color=array([1., 1., 1.]), colorSpace='rgb', contrast=1.0, depth=0, interpolate=False, mask='circle', maskParams=None, name='unnamed GratingStim', opacity=1.0, ori=0.0, phase=array([0., 0.]), pos=array([0., 0.]), rgbPedestal=array([0., 0., 0.]), sf=array([0.02604167, 0.02604167]), size=array([38.4, 38.4]), tex='none', texRes=128, units='pix', win=Window(...))
28.9791 	EXP 	Created unnamed GratingStim = GratingStim(__class__=<class 'psychopy.visual.grating.GratingStim'>, autoDraw=False, autoLog=True, blendmode='avg', color=array([-1., -1., -1.]), colorSpace='rgb', contrast=1.0, depth=0, interpolate=False, mask='circle', maskParams=None, name='unnamed GratingStim', opacity=1.0, ori=0.0, phase=array([0., 0.]), pos=array([0., 0.]), rgbPedestal=array([0., 0., 0.]), sf=array([0.078125, 0.078125]), size=array([12.8, 12.8]), tex='none', texRes=128, units='pix', win=Window(...))
28.9924 	EXP 	unnamed GratingStim: pos = array([-1.,  1.])
28.9924 	EXP 	unnamed GratingStim: pos = array([-1.,  1.])
31.3053 	DATA 	Keypress: return
31.3080 	EXP 	window1: color = <class 'numpy.ndarray'>
31.3257 	EXP 	unnamed TextStim: autoDraw = False
31.3257 	EXP 	unnamed TextStim: autoDraw = False
31.4416 	EXP 	window1: color = <class 'numpy.ndarray'>
31.4590 	EXP 	unnamed TextStim: autoDraw = False
31.4590 	EXP 	unnamed TextStim: autoDraw = False
34.0173 	DATA 	Keypress: o
34.0183 	EXP 	window1: units = 'norm'
34.0184 	EXP 	window1: color = <class 'numpy.ndarray'>
34.0257 	EXP 	unnamed TextStim: autoDraw = False
34.0257 	EXP 	unnamed TextStim: autoDraw = False
34.0718 	EXP 	Created test_trigger = TextStim(__class__=<class 'psychopy.visual.text.TextStim'>, alignHoriz='center', alignVert='center', antialias=True, autoLog=True, bold=False, color='LightGray', colorSpace='named', contrast=1.0, depth=-2.0, flipHoriz=False, flipVert=False, font='Helvetica Bold', fontFiles=[], height=0.075, italic=False, languageStyle='LTR', name='test_trigger', opacity=1.0, ori=0, pos=array([0., 0.]), rgb=array([211., 211., 211.]), text=str(...), units='norm', win=Window(...), wrapWidth=0.9)
34.0745 	EXP 	Created CStest = PatchStim(__class__=<class 'psychopy.visual.patch.PatchStim'>, autoDraw=False, autoLog=True, blendmode='avg', color=array([1., 1., 1.]), colorSpace='rgb', contrast=1.0, depth=-1.0, interpolate=True, mask=None, maskParams=None, name='CStest', opacity=1.0, ori=1.0, phase=array([0., 0.]), pos=array([0., 0.]), rgbPedestal=array([0., 0., 0.]), sf=array([1., 1.]), size=array([1.5, 2. ]), tex='sin', texRes=128, units='norm', win=Window(...))
34.0852 	EXP 	Created text_2 = TextStim(__class__=<class 'psychopy.visual.text.TextStim'>, alignHoriz='center', alignVert='center', antialias=True, autoLog=True, bold=False, color='white', colorSpace='named', contrast=1.0, depth=0.0, flipHoriz=False, flipVert=False, font='Arial', fontFiles=[], height=0.1, italic=False, languageStyle='LTR', name='text_2', opacity=1.0, ori=0, pos=array([0., 0.]), rgb=array([255., 255., 255.]), text='Calculating results!', units='norm', win=Window(...), wrapWidth=1)
34.0857 	EXP 	Created text_3 = TextStim(__class__=<class 'psychopy.visual.text.TextStim'>, alignHoriz='center', alignVert='center', antialias=True, autoLog=True, bold=False, color='white', colorSpace='named', contrast=1.0, depth=0.0, flipHoriz=False, flipVert=False, font='Arial', fontFiles=[], height=0.1, italic=False, languageStyle='LTR', name='text_3', opacity=1.0, ori=0, pos=array([0., 0.]), rgb=array([255., 255., 255.]), text='', units='norm', win=Window(...), wrapWidth=1)
34.0991 	EXP 	Created text = TextStim(__class__=<class 'psychopy.visual.text.TextStim'>, alignHoriz='center', alignVert='center', antialias=True, autoLog=True, bold=False, color='LightGray', colorSpace='named', contrast=1.0, depth=0.0, flipHoriz=False, flipVert=False, font='Helvetica Bold', fontFiles=[], height=0.075, italic=False, languageStyle='LTR', name='text', opacity=1.0, ori=0, pos=array([0., 0.]), rgb=array([211., 211., 211.]), text=str(...), units='norm', win=Window(...), wrapWidth=1)
34.0991 	DATA 	version B
34.1257 	EXP 	test_trigger: autoDraw = True
59.6154 	EXP 	Imported yestransfer.xlsx as conditions, 62 conditions, 5 params
59.6156 	EXP 	Created sequence: sequential, trialTypes=62, nReps=1, seed=None
59.6159 	EXP 	New trial (rep=0, index=0): OrderedDict([('Onset', 28), ('Condition', 'CBblue.png'), ('Dur', 4), ('p_onset', 132), ('p_offset', 133)])
59.7927 	DATA 	start trial
59.8133 	DATA 	Keypress: space
59.9255 	EXP 	test_trigger: autoDraw = False
59.9255 	EXP 	CStest: tex = 'CBblue.png'
59.9255 	EXP 	CStest: autoDraw = True
62.0590 	DATA 	Keypress: n
62.0591 	DATA 	tilt right
62.3423 	DATA 	Keypress: n
62.3424 	DATA 	tilt right
62.5757 	DATA 	Keypress: n
62.5757 	DATA 	tilt right
62.7923 	DATA 	Keypress: n
62.7924 	DATA 	tilt right
63.0090 	DATA 	Keypress: n
63.0090 	DATA 	tilt right
63.2423 	DATA 	Keypress: n
63.2424 	DATA 	tilt right
63.5423 	DATA 	Keypress: n
63.5424 	DATA 	tilt right
63.7923 	DATA 	Keypress: n
63.7924 	DATA 	tilt right
64.0084 	EXP 	CStest: autoDraw = False
64.0084 	EXP 	CStest: autoDraw = False
64.0341 	DATA 	Keypress: n
64.1271 	DATA 	end trial
64.1272 	EXP 	New trial (rep=0, index=1): OrderedDict([('Onset', 32), ('Condition', 'vend.png'), ('Dur', 2), ('p_onset', 4), ('p_offset', 0)])
64.2687 	DATA 	start trial
64.4088 	EXP 	CStest: tex = 'vend.png'
64.4088 	EXP 	CStest: autoDraw = True
66.1590 	DATA 	Keypress: b
66.1590 	DATA 	tilt left
66.5088 	EXP 	CStest: autoDraw = False
66.5088 	EXP 	CStest: autoDraw = False
66.6256 	DATA 	end trial
66.6258 	EXP 	New trial (rep=0, index=2): OrderedDict([('Onset', 34), ('Condition', 'CByellow.png'), ('Dur', 4), ('p_onset', 140), ('p_offset', 141)])
66.7193 	DATA 	start trial
66.8588 	EXP 	CStest: tex = 'CByellow.png'
66.8588 	EXP 	CStest: autoDraw = True
67.3256 	DATA 	Keypress: b
67.3257 	DATA 	tilt left
67.6423 	DATA 	Keypress: b
67.6424 	DATA 	tilt left
70.9255 	EXP 	CStest: autoDraw = False
70.9255 	EXP 	CStest: autoDraw = False
71.0418 	DATA 	end trial
71.0420 	EXP 	New trial (rep=0, index=3): OrderedDict([('Onset', 38), ('Condition', 'vend.png'), ('Dur', 2), ('p_onset', 4), ('p_offset', 0)])
71.1550 	DATA 	start trial
71.2922 	EXP 	CStest: tex = 'vend.png'
71.2922 	EXP 	CStest: autoDraw = True
73.3921 	EXP 	CStest: autoDraw = False
73.3921 	EXP 	CStest: autoDraw = False
73.5078 	DATA 	end trial
73.5080 	EXP 	New trial (rep=0, index=4): OrderedDict([('Onset', 40), ('Condition', 'CBgreen.png'), ('Dur', 4), ('p_onset', 134), ('p_offset', 135)])
73.6271 	DATA 	start trial
73.7588 	EXP 	CStest: tex = 'CBgreen.png'
73.7588 	EXP 	CStest: autoDraw = True
74.8923 	DATA 	Keypress: b
74.8924 	DATA 	tilt left
75.1756 	DATA 	Keypress: b
75.1756 	DATA 	tilt left
75.4256 	DATA 	Keypress: b
75.4256 	DATA 	tilt left
75.6756 	DATA 	Keypress: b
75.6756 	DATA 	tilt left
75.9589 	DATA 	Keypress: b
75.9590 	DATA 	tilt left
76.2089 	DATA 	Keypress: b
76.2090 	DATA 	tilt left
76.4589 	DATA 	Keypress: b
76.4589 	DATA 	tilt left
76.7422 	DATA 	Keypress: b
76.7423 	DATA 	tilt left
77.0255 	DATA 	Keypress: b
77.0256 	DATA 	tilt left
77.3256 	DATA 	Keypress: b
77.3256 	DATA 	tilt left
77.6422 	DATA 	Keypress: b
77.6422 	DATA 	tilt left
77.8588 	EXP 	CStest: autoDraw = False
77.8588 	EXP 	CStest: autoDraw = False
77.9349 	DATA 	Keypress: b
77.9751 	DATA 	end trial
77.9753 	EXP 	New trial (rep=0, index=5): OrderedDict([('Onset', 44), ('Condition', 'vend.png'), ('Dur', 2), ('p_onset', 4), ('p_offset', 0)])
78.0912 	DATA 	start trial
78.2249 	EXP 	CStest: tex = 'vend.png'
78.2249 	EXP 	CStest: autoDraw = True
80.3087 	EXP 	CStest: autoDraw = False
80.3087 	EXP 	CStest: autoDraw = False
80.4252 	DATA 	end trial
80.4254 	EXP 	New trial (rep=0, index=6): OrderedDict([('Onset', 46), ('Condition', 'CBred.png'), ('Dur', 4), ('p_onset', 126), ('p_offset', 127)])
80.5349 	DATA 	start trial
80.6754 	EXP 	CStest: tex = 'CBred.png'
80.6754 	EXP 	CStest: autoDraw = True
83.0256 	DATA 	Keypress: n
83.0256 	DATA 	tilt right
83.3588 	DATA 	Keypress: n
83.3589 	DATA 	tilt right
83.6422 	DATA 	Keypress: n
83.6422 	DATA 	tilt right
83.8922 	DATA 	Keypress: n
83.8922 	DATA 	tilt right
84.2089 	DATA 	Keypress: n
84.2090 	DATA 	tilt right
84.5922 	DATA 	Keypress: n
84.5923 	DATA 	tilt right
84.7587 	EXP 	CStest: autoDraw = False
84.7587 	EXP 	CStest: autoDraw = False
84.8762 	DATA 	end trial
84.8764 	EXP 	New trial (rep=0, index=7): OrderedDict([('Onset', 50), ('Condition', 'vend.png'), ('Dur', 2), ('p_onset', 4), ('p_offset', 0)])
84.9952 	DATA 	start trial
85.0146 	DATA 	Keypress: n
85.1420 	EXP 	CStest: tex = 'vend.png'
85.1420 	EXP 	CStest: autoDraw = True
87.1255 	DATA 	Keypress: b
87.1256 	DATA 	tilt left
87.2254 	EXP 	CStest: autoDraw = False
87.2254 	EXP 	CStest: autoDraw = False
87.3424 	DATA 	end trial
87.3426 	EXP 	New trial (rep=0, index=8): OrderedDict([('Onset', 52), ('Condition', 'CBgreen.png'), ('Dur', 4), ('p_onset', 134), ('p_offset', 135)])
87.4384 	DATA 	start trial
87.5754 	EXP 	CStest: tex = 'CBgreen.png'
87.5754 	EXP 	CStest: autoDraw = True
88.7755 	DATA 	Keypress: b
88.7756 	DATA 	tilt left
89.0422 	DATA 	Keypress: b
89.0422 	DATA 	tilt left
89.3422 	DATA 	Keypress: b
89.3422 	DATA 	tilt left
89.8588 	DATA 	Keypress: b
89.8589 	DATA 	tilt left
90.1255 	DATA 	Keypress: b
90.1255 	DATA 	tilt left
90.4088 	DATA 	Keypress: b
90.4089 	DATA 	tilt left
90.7088 	DATA 	Keypress: b
90.7088 	DATA 	tilt left
91.0088 	DATA 	Keypress: b
91.0088 	DATA 	tilt left
91.3588 	DATA 	Keypress: b
91.3588 	DATA 	tilt left
91.6690 	DATA 	Keypress: b
91.6754 	EXP 	CStest: autoDraw = False
91.6754 	EXP 	CStest: autoDraw = False
91.7926 	DATA 	end trial
91.7928 	EXP 	New trial (rep=0, index=9): OrderedDict([('Onset', 56), ('Condition', 'vend.png'), ('Dur', 2), ('p_onset', 4), ('p_offset', 0)])
91.9622 	DATA 	start trial
92.1087 	EXP 	CStest: tex = 'vend.png'
92.1087 	EXP 	CStest: autoDraw = True
94.1920 	EXP 	CStest: autoDraw = False
94.1920 	EXP 	CStest: autoDraw = False
94.3080 	DATA 	end trial
94.3082 	EXP 	New trial (rep=0, index=10): OrderedDict([('Onset', 58), ('Condition', 'CBblue.png'), ('Dur', 4), ('p_onset', 132), ('p_offset', 133)])
94.4182 	DATA 	start trial
94.5586 	EXP 	CStest: tex = 'CBblue.png'
94.5586 	EXP 	CStest: autoDraw = True
95.2255 	DATA 	Keypress: n
95.2256 	DATA 	tilt right
95.5921 	DATA 	Keypress: n
95.5922 	DATA 	tilt right
95.8755 	DATA 	Keypress: n
95.8755 	DATA 	tilt right
96.1755 	DATA 	Keypress: n
96.1755 	DATA 	tilt right
96.4588 	DATA 	Keypress: n
96.4589 	DATA 	tilt right
96.7755 	DATA 	Keypress: n
96.7755 	DATA 	tilt right
97.0754 	DATA 	Keypress: n
97.0755 	DATA 	tilt right
97.3087 	DATA 	Keypress: n
97.3088 	DATA 	tilt right
97.5921 	DATA 	Keypress: n
97.5921 	DATA 	tilt right
97.9088 	DATA 	Keypress: n
97.9088 	DATA 	tilt right
98.1754 	DATA 	Keypress: n
98.1756 	DATA 	tilt right
98.3921 	DATA 	Keypress: n
98.3922 	DATA 	tilt right
98.6420 	EXP 	CStest: autoDraw = False
98.6420 	EXP 	CStest: autoDraw = False
98.6457 	DATA 	Keypress: n
98.7593 	DATA 	end trial
98.7594 	EXP 	New trial (rep=0, index=11): OrderedDict([('Onset', 62), ('Condition', 'vend.png'), ('Dur', 2), ('p_onset', 4), ('p_offset', 0)])
98.8975 	DATA 	start trial
99.0420 	EXP 	CStest: tex = 'vend.png'
99.0420 	EXP 	CStest: autoDraw = True
101.1253 	EXP 	CStest: autoDraw = False
101.1253 	EXP 	CStest: autoDraw = False
101.2413 	DATA 	end trial
101.2415 	EXP 	New trial (rep=0, index=12): OrderedDict([('Onset', 64), ('Condition', 'CByellow.png'), ('Dur', 4), ('p_onset', 140), ('p_offset', 141)])
101.3426 	DATA 	start trial
101.4753 	EXP 	CStest: tex = 'CByellow.png'
101.4753 	EXP 	CStest: autoDraw = True
101.9421 	DATA 	Keypress: b
101.9421 	DATA 	tilt left
104.4421 	DATA 	Keypress: b
104.4421 	DATA 	tilt left
105.5415 	EXP 	CStest: autoDraw = False
105.5415 	EXP 	CStest: autoDraw = False
105.6580 	DATA 	end trial
105.6582 	EXP 	New trial (rep=0, index=13): OrderedDict([('Onset', 68), ('Condition', 'vend.png'), ('Dur', 2), ('p_onset', 4), ('p_offset', 0)])
105.8037 	DATA 	start trial
105.9420 	EXP 	CStest: tex = 'vend.png'
105.9420 	EXP 	CStest: autoDraw = True
108.0586 	EXP 	CStest: autoDraw = False
108.0586 	EXP 	CStest: autoDraw = False
108.1756 	DATA 	end trial
108.1759 	EXP 	New trial (rep=0, index=14): OrderedDict([('Onset', 70), ('Condition', 'CBgreen.png'), ('Dur', 4), ('p_onset', 134), ('p_offset', 135)])
108.2973 	DATA 	start trial
108.4252 	EXP 	CStest: tex = 'CBgreen.png'
108.4252 	EXP 	CStest: autoDraw = True
109.3420 	DATA 	Keypress: n
109.3422 	DATA 	tilt right
109.6421 	DATA 	Keypress: n
109.6422 	DATA 	tilt right
109.9087 	DATA 	Keypress: n
109.9088 	DATA 	tilt right
110.1754 	DATA 	Keypress: n
110.1754 	DATA 	tilt right
110.4587 	DATA 	Keypress: n
110.4588 	DATA 	tilt right
110.7420 	DATA 	Keypress: n
110.7421 	DATA 	tilt right
111.0253 	DATA 	Keypress: n
111.0254 	DATA 	tilt right
111.3087 	DATA 	Keypress: n
111.3088 	DATA 	tilt right
111.6420 	DATA 	Keypress: n
111.6421 	DATA 	tilt right
111.9587 	DATA 	Keypress: n
111.9588 	DATA 	tilt right
112.2253 	DATA 	Keypress: n
112.2254 	DATA 	tilt right
112.4996 	DATA 	Keypress: n
112.5085 	EXP 	CStest: autoDraw = False
112.5085 	EXP 	CStest: autoDraw = False
112.6255 	DATA 	end trial
112.6257 	EXP 	New trial (rep=0, index=15): OrderedDict([('Onset', 74), ('Condition', 'vend.png'), ('Dur', 2), ('p_onset', 4), ('p_offset', 0)])
112.7407 	DATA 	start trial
112.8752 	EXP 	CStest: tex = 'vend.png'
112.8752 	EXP 	CStest: autoDraw = True
114.9585 	EXP 	CStest: autoDraw = False
114.9585 	EXP 	CStest: autoDraw = False
115.0920 	DATA 	end trial
115.0922 	EXP 	New trial (rep=0, index=16): OrderedDict([('Onset', 76), ('Condition', 'CBred.png'), ('Dur', 4), ('p_onset', 126), ('p_offset', 127)])
115.2036 	DATA 	start trial
115.3419 	EXP 	CStest: tex = 'CBred.png'
115.3419 	EXP 	CStest: autoDraw = True
116.1754 	DATA 	Keypress: b
116.1754 	DATA 	tilt left
116.4753 	DATA 	Keypress: b
116.4755 	DATA 	tilt left
116.7253 	DATA 	Keypress: b
116.7254 	DATA 	tilt left
116.9753 	DATA 	Keypress: b
116.9754 	DATA 	tilt left
117.2420 	DATA 	Keypress: b
117.2420 	DATA 	tilt left
117.5253 	DATA 	Keypress: b
117.5254 	DATA 	tilt left
117.7919 	DATA 	Keypress: b
117.7920 	DATA 	tilt left
118.0587 	DATA 	Keypress: b
118.0587 	DATA 	tilt left
118.3086 	DATA 	Keypress: b
118.3087 	DATA 	tilt left
118.5753 	DATA 	Keypress: b
118.5754 	DATA 	tilt left
118.8586 	DATA 	Keypress: b
118.8587 	DATA 	tilt left
119.1253 	DATA 	Keypress: b
119.1253 	DATA 	tilt left
119.4252 	EXP 	CStest: autoDraw = False
119.4252 	EXP 	CStest: autoDraw = False
119.4555 	DATA 	Keypress: b
119.5417 	DATA 	end trial
119.5419 	EXP 	New trial (rep=0, index=17): OrderedDict([('Onset', 80), ('Condition', 'vend.png'), ('Dur', 2), ('p_onset', 4), ('p_offset', 0)])
119.6765 	DATA 	start trial
119.8085 	EXP 	CStest: tex = 'vend.png'
119.8085 	EXP 	CStest: autoDraw = True
121.9085 	EXP 	CStest: autoDraw = False
121.9085 	EXP 	CStest: autoDraw = False
122.0254 	DATA 	end trial
122.0255 	EXP 	New trial (rep=0, index=18): OrderedDict([('Onset', 82), ('Condition', 'CBblue.png'), ('Dur', 4), ('p_onset', 132), ('p_offset', 133)])
122.1468 	DATA 	start trial
122.2752 	EXP 	CStest: tex = 'CBblue.png'
122.2752 	EXP 	CStest: autoDraw = True
123.4254 	DATA 	Keypress: n
123.4255 	DATA 	tilt right
123.7586 	DATA 	Keypress: n
123.7587 	DATA 	tilt right
123.9586 	DATA 	Keypress: n
123.9586 	DATA 	tilt right
124.2919 	DATA 	Keypress: n
124.2920 	DATA 	tilt right
124.5753 	DATA 	Keypress: n
124.5753 	DATA 	tilt right
124.8430 	DATA 	Keypress: n
124.8585 	DATA 	tilt right
125.1086 	DATA 	Keypress: n
125.1086 	DATA 	tilt right
125.4086 	DATA 	Keypress: n
125.4086 	DATA 	tilt right
125.6586 	DATA 	Keypress: n
125.6587 	DATA 	tilt right
125.9753 	DATA 	Keypress: n
125.9754 	DATA 	tilt right
126.3417 	DATA 	Keypress: n
126.3585 	EXP 	CStest: autoDraw = False
126.3585 	EXP 	CStest: autoDraw = False
126.4755 	DATA 	end trial
126.4756 	EXP 	New trial (rep=0, index=19): OrderedDict([('Onset', 86), ('Condition', 'vend.png'), ('Dur', 2), ('p_onset', 4), ('p_offset', 0)])
126.5927 	DATA 	start trial
126.7247 	EXP 	CStest: tex = 'vend.png'
126.7247 	EXP 	CStest: autoDraw = True
128.8084 	EXP 	CStest: autoDraw = False
128.8084 	EXP 	CStest: autoDraw = False
128.9248 	DATA 	end trial
128.9250 	EXP 	New trial (rep=0, index=20): OrderedDict([('Onset', 88), ('Condition', 'CByellow.png'), ('Dur', 4), ('p_onset', 140), ('p_offset', 141)])
129.0341 	DATA 	start trial
129.1751 	EXP 	CStest: tex = 'CByellow.png'
129.1751 	EXP 	CStest: autoDraw = True
133.2418 	EXP 	CStest: autoDraw = False
133.2418 	EXP 	CStest: autoDraw = False
133.3585 	DATA 	end trial
133.3587 	EXP 	New trial (rep=0, index=21): OrderedDict([('Onset', 92), ('Condition', 'vend.png'), ('Dur', 2), ('p_onset', 4), ('p_offset', 0)])
133.4835 	DATA 	start trial
133.6253 	EXP 	CStest: tex = 'vend.png'
133.6253 	EXP 	CStest: autoDraw = True
135.7084 	EXP 	CStest: autoDraw = False
135.7084 	EXP 	CStest: autoDraw = False
135.8257 	DATA 	end trial
135.8258 	EXP 	New trial (rep=0, index=22): OrderedDict([('Onset', 94), ('Condition', 'CBred.png'), ('Dur', 4), ('p_onset', 126), ('p_offset', 127)])
135.9339 	DATA 	start trial
136.0751 	EXP 	CStest: tex = 'CBred.png'
136.0751 	EXP 	CStest: autoDraw = True
136.9252 	DATA 	Keypress: b
136.9253 	DATA 	tilt left
137.2586 	DATA 	Keypress: b
137.2586 	DATA 	tilt left
137.5252 	DATA 	Keypress: b
137.5252 	DATA 	tilt left
137.7752 	DATA 	Keypress: b
137.7753 	DATA 	tilt left
138.0085 	DATA 	Keypress: b
138.0086 	DATA 	tilt left
138.2585 	DATA 	Keypress: b
138.2586 	DATA 	tilt left
138.5252 	DATA 	Keypress: b
138.5252 	DATA 	tilt left
138.8085 	DATA 	Keypress: b
138.8086 	DATA 	tilt left
139.0752 	DATA 	Keypress: b
139.0752 	DATA 	tilt left
139.3418 	DATA 	Keypress: b
139.3419 	DATA 	tilt left
139.6085 	DATA 	Keypress: b
139.6086 	DATA 	tilt left
139.8918 	DATA 	Keypress: b
139.8919 	DATA 	tilt left
140.1728 	DATA 	Keypress: b
140.1917 	EXP 	CStest: autoDraw = False
140.1917 	EXP 	CStest: autoDraw = False
140.3088 	DATA 	end trial
140.3090 	EXP 	New trial (rep=0, index=23): OrderedDict([('Onset', 98), ('Condition', 'vend.png'), ('Dur', 2), ('p_onset', 4), ('p_offset', 0)])
140.4429 	DATA 	start trial
140.5746 	EXP 	CStest: tex = 'vend.png'
140.5746 	EXP 	CStest: autoDraw = True
142.6584 	EXP 	CStest: autoDraw = False
142.6584 	EXP 	CStest: autoDraw = False
142.7748 	DATA 	end trial
142.7750 	EXP 	New trial (rep=0, index=24): OrderedDict([('Onset', 100), ('Condition', 'CByellow.png'), ('Dur', 4), ('p_onset', 140), ('p_offset', 141)])
142.8707 	DATA 	start trial
143.0084 	EXP 	CStest: tex = 'CByellow.png'
143.0084 	EXP 	CStest: autoDraw = True
147.0750 	EXP 	CStest: autoDraw = False
147.0750 	EXP 	CStest: autoDraw = False
147.1911 	DATA 	end trial
147.1913 	EXP 	New trial (rep=0, index=25): OrderedDict([('Onset', 104), ('Condition', 'vend.png'), ('Dur', 2), ('p_onset', 4), ('p_offset', 0)])
147.3152 	DATA 	start trial
147.4583 	EXP 	CStest: tex = 'vend.png'
147.4583 	EXP 	CStest: autoDraw = True
149.5416 	EXP 	CStest: autoDraw = False
149.5416 	EXP 	CStest: autoDraw = False
149.6582 	DATA 	end trial
149.6583 	EXP 	New trial (rep=0, index=26): OrderedDict([('Onset', 106), ('Condition', 'CBgreen.png'), ('Dur', 4), ('p_onset', 134), ('p_offset', 135)])
149.7658 	DATA 	start trial
149.8917 	EXP 	CStest: tex = 'CBgreen.png'
149.8917 	EXP 	CStest: autoDraw = True
150.5087 	DATA 	Keypress: n
150.5088 	DATA 	tilt right
150.8251 	DATA 	Keypress: n
150.8252 	DATA 	tilt right
151.0918 	DATA 	Keypress: n
151.0918 	DATA 	tilt right
151.3417 	DATA 	Keypress: n
151.3418 	DATA 	tilt right
151.6084 	DATA 	Keypress: n
151.6085 	DATA 	tilt right
151.8584 	DATA 	Keypress: n
151.8585 	DATA 	tilt right
152.1251 	DATA 	Keypress: n
152.1252 	DATA 	tilt right
152.4084 	DATA 	Keypress: n
152.4085 	DATA 	tilt right
152.6917 	DATA 	Keypress: n
152.6918 	DATA 	tilt right
152.9751 	DATA 	Keypress: n
152.9752 	DATA 	tilt right
153.2584 	DATA 	Keypress: n
153.2585 	DATA 	tilt right
153.5084 	DATA 	Keypress: n
153.5085 	DATA 	tilt right
153.7917 	DATA 	Keypress: n
153.7918 	DATA 	tilt right
153.9750 	EXP 	CStest: autoDraw = False
153.9750 	EXP 	CStest: autoDraw = False
154.0411 	DATA 	Keypress: n
154.0919 	DATA 	end trial
154.0921 	EXP 	New trial (rep=0, index=27): OrderedDict([('Onset', 110), ('Condition', 'vend.png'), ('Dur', 2), ('p_onset', 4), ('p_offset', 0)])
154.2335 	DATA 	start trial
154.3750 	EXP 	CStest: tex = 'vend.png'
154.3750 	EXP 	CStest: autoDraw = True
156.4578 	EXP 	CStest: autoDraw = False
156.4578 	EXP 	CStest: autoDraw = False
156.6471 	DATA 	end trial
156.6474 	EXP 	New trial (rep=0, index=28): OrderedDict([('Onset', 112), ('Condition', 'CBblue.png'), ('Dur', 4), ('p_onset', 132), ('p_offset', 133)])
156.7577 	DATA 	start trial
156.8917 	EXP 	CStest: tex = 'CBblue.png'
156.8917 	EXP 	CStest: autoDraw = True
159.2917 	DATA 	Keypress: n
159.2918 	DATA 	tilt right
159.5927 	DATA 	Keypress: n
159.6084 	DATA 	tilt right
159.8584 	DATA 	Keypress: n
159.8584 	DATA 	tilt right
160.1084 	DATA 	Keypress: n
160.1084 	DATA 	tilt right
160.3417 	DATA 	Keypress: n
160.3418 	DATA 	tilt right
160.6084 	DATA 	Keypress: n
160.6085 	DATA 	tilt right
160.9640 	DATA 	Keypress: n
160.9749 	EXP 	CStest: autoDraw = False
160.9749 	EXP 	CStest: autoDraw = False
161.0913 	DATA 	end trial
161.0915 	EXP 	New trial (rep=0, index=29): OrderedDict([('Onset', 116), ('Condition', 'vend.png'), ('Dur', 2), ('p_onset', 4), ('p_offset', 0)])
161.2215 	DATA 	start trial
161.2427 	DATA 	Keypress: n
161.3583 	EXP 	CStest: tex = 'vend.png'
161.3583 	EXP 	CStest: autoDraw = True
163.4416 	EXP 	CStest: autoDraw = False
163.4416 	EXP 	CStest: autoDraw = False
163.5587 	DATA 	end trial
163.5589 	EXP 	New trial (rep=0, index=30): OrderedDict([('Onset', 118), ('Condition', 'CBred.png'), ('Dur', 4), ('p_onset', 126), ('p_offset', 127)])
163.6541 	DATA 	start trial
163.7916 	EXP 	CStest: tex = 'CBred.png'
163.7916 	EXP 	CStest: autoDraw = True
164.6584 	DATA 	Keypress: b
164.6584 	DATA 	tilt left
164.9250 	DATA 	Keypress: b
164.9251 	DATA 	tilt left
165.1430 	DATA 	Keypress: b
165.1583 	DATA 	tilt left
165.3750 	DATA 	Keypress: b
165.3751 	DATA 	tilt left
165.6083 	DATA 	Keypress: b
165.6084 	DATA 	tilt left
165.8417 	DATA 	Keypress: b
165.8418 	DATA 	tilt left
166.0917 	DATA 	Keypress: b
166.0918 	DATA 	tilt left
166.3417 	DATA 	Keypress: b
166.3418 	DATA 	tilt left
166.6083 	DATA 	Keypress: b
166.6084 	DATA 	tilt left
166.8750 	DATA 	Keypress: b
166.8751 	DATA 	tilt left
167.1090 	DATA 	Keypress: b
167.1250 	DATA 	tilt left
167.3750 	DATA 	Keypress: b
167.3751 	DATA 	tilt left
167.6262 	DATA 	Keypress: b
167.6416 	DATA 	tilt left
167.8676 	DATA 	Keypress: b
167.8749 	EXP 	CStest: autoDraw = False
167.8749 	EXP 	CStest: autoDraw = False
167.9921 	DATA 	end trial
167.9923 	EXP 	New trial (rep=0, index=31): OrderedDict([('Onset', 122), ('Condition', 'vend.png'), ('Dur', 2), ('p_onset', 4), ('p_offset', 0)])
168.1030 	DATA 	start trial
168.2416 	EXP 	CStest: tex = 'vend.png'
168.2416 	EXP 	CStest: autoDraw = True
170.3415 	EXP 	CStest: autoDraw = False
170.3415 	EXP 	CStest: autoDraw = False
170.4584 	DATA 	end trial
170.4585 	EXP 	New trial (rep=0, index=32): OrderedDict([('Onset', 124), ('Condition', 'CBgreen.png'), ('Dur', 4), ('p_onset', 134), ('p_offset', 135)])
170.5852 	DATA 	start trial
170.7249 	EXP 	CStest: tex = 'CBgreen.png'
170.7249 	EXP 	CStest: autoDraw = True
171.9416 	DATA 	Keypress: b
171.9417 	DATA 	tilt left
172.1916 	DATA 	Keypress: b
172.1917 	DATA 	tilt left
172.4250 	DATA 	Keypress: b
172.4251 	DATA 	tilt left
172.6416 	DATA 	Keypress: b
172.6417 	DATA 	tilt left
172.8593 	DATA 	Keypress: b
172.8749 	DATA 	tilt left
173.1416 	DATA 	Keypress: b
173.1417 	DATA 	tilt left
173.4250 	DATA 	Keypress: b
173.4250 	DATA 	tilt left
173.6917 	DATA 	Keypress: b
173.6918 	DATA 	tilt left
173.9583 	DATA 	Keypress: b
173.9583 	DATA 	tilt left
174.2416 	DATA 	Keypress: b
174.2417 	DATA 	tilt left
174.4923 	DATA 	Keypress: b
174.5082 	DATA 	tilt left
174.8050 	DATA 	Keypress: b
174.8077 	EXP 	CStest: autoDraw = False
174.8077 	EXP 	CStest: autoDraw = False
174.9244 	DATA 	end trial
174.9246 	EXP 	New trial (rep=0, index=33): OrderedDict([('Onset', 128), ('Condition', 'vend.png'), ('Dur', 2), ('p_onset', 4), ('p_offset', 0)])
175.0424 	DATA 	start trial
175.1915 	EXP 	CStest: tex = 'vend.png'
175.1915 	EXP 	CStest: autoDraw = True
177.2748 	EXP 	CStest: autoDraw = False
177.2748 	EXP 	CStest: autoDraw = False
177.3914 	DATA 	end trial
177.3916 	EXP 	New trial (rep=0, index=34): OrderedDict([('Onset', 130), ('Condition', 'CByellow.png'), ('Dur', 4), ('p_onset', 140), ('p_offset', 141)])
177.4958 	DATA 	start trial
177.6248 	EXP 	CStest: tex = 'CByellow.png'
177.6248 	EXP 	CStest: autoDraw = True
181.6915 	EXP 	CStest: autoDraw = False
181.6915 	EXP 	CStest: autoDraw = False
181.8091 	DATA 	end trial
181.8093 	EXP 	New trial (rep=0, index=35): OrderedDict([('Onset', 134), ('Condition', 'vend.png'), ('Dur', 2), ('p_onset', 4), ('p_offset', 0)])
181.9425 	DATA 	start trial
182.0748 	EXP 	CStest: tex = 'vend.png'
182.0748 	EXP 	CStest: autoDraw = True
184.1747 	EXP 	CStest: autoDraw = False
184.1747 	EXP 	CStest: autoDraw = False
184.2918 	DATA 	end trial
184.2920 	EXP 	New trial (rep=0, index=36): OrderedDict([('Onset', 136), ('Condition', 'CBblue.png'), ('Dur', 4), ('p_onset', 132), ('p_offset', 133)])
184.4530 	DATA 	start trial
184.5914 	EXP 	CStest: tex = 'CBblue.png'
184.5914 	EXP 	CStest: autoDraw = True
186.3593 	DATA 	Keypress: n
186.3748 	DATA 	tilt right
186.6415 	DATA 	Keypress: n
186.6416 	DATA 	tilt right
186.8915 	DATA 	Keypress: n
186.8916 	DATA 	tilt right
187.1415 	DATA 	Keypress: n
187.1416 	DATA 	tilt right
187.4082 	DATA 	Keypress: n
187.4083 	DATA 	tilt right
187.6749 	DATA 	Keypress: n
187.6750 	DATA 	tilt right
187.9749 	DATA 	Keypress: n
187.9749 	DATA 	tilt right
188.3249 	DATA 	Keypress: n
188.3250 	DATA 	tilt right
188.7153 	DATA 	Keypress: n
188.7248 	EXP 	CStest: autoDraw = False
188.7248 	EXP 	CStest: autoDraw = False
188.8416 	DATA 	end trial
188.8418 	EXP 	New trial (rep=0, index=37): OrderedDict([('Onset', 140), ('Condition', 'vend.png'), ('Dur', 2), ('p_onset', 4), ('p_offset', 0)])
188.9954 	DATA 	start trial
189.0152 	DATA 	Keypress: n
189.1247 	EXP 	CStest: tex = 'vend.png'
189.1247 	EXP 	CStest: autoDraw = True
191.2080 	EXP 	CStest: autoDraw = False
191.2080 	EXP 	CStest: autoDraw = False
191.3236 	DATA 	end trial
191.3238 	EXP 	New trial (rep=0, index=38): OrderedDict([('Onset', 142), ('Condition', 'CBred.png'), ('Dur', 4), ('p_onset', 126), ('p_offset', 127)])
191.4347 	DATA 	start trial
191.5747 	EXP 	CStest: tex = 'CBred.png'
191.5747 	EXP 	CStest: autoDraw = True
192.4415 	DATA 	Keypress: n
192.4416 	DATA 	tilt right
192.6915 	DATA 	Keypress: n
192.6916 	DATA 	tilt right
192.9248 	DATA 	Keypress: n
192.9249 	DATA 	tilt right
193.1415 	DATA 	Keypress: n
193.1415 	DATA 	tilt right
193.4081 	DATA 	Keypress: n
193.4082 	DATA 	tilt right
193.6248 	DATA 	Keypress: n
193.6249 	DATA 	tilt right
193.8749 	DATA 	Keypress: n
193.8749 	DATA 	tilt right
194.1248 	DATA 	Keypress: n
194.1249 	DATA 	tilt right
194.3915 	DATA 	Keypress: n
194.3916 	DATA 	tilt right
194.6748 	DATA 	Keypress: n
194.6749 	DATA 	tilt right
194.9582 	DATA 	Keypress: n
194.9582 	DATA 	tilt right
195.2749 	DATA 	Keypress: n
195.2750 	DATA 	tilt right
195.6359 	DATA 	Keypress: n
195.6414 	EXP 	CStest: autoDraw = False
195.6414 	EXP 	CStest: autoDraw = False
195.7581 	DATA 	end trial
195.7583 	EXP 	New trial (rep=0, index=39): OrderedDict([('Onset', 146), ('Condition', 'vend.png'), ('Dur', 2), ('p_onset', 4), ('p_offset', 0)])
195.8696 	DATA 	start trial
196.0080 	EXP 	CStest: tex = 'vend.png'
196.0080 	EXP 	CStest: autoDraw = True
198.0913 	EXP 	CStest: autoDraw = False
198.0913 	EXP 	CStest: autoDraw = False
198.2075 	DATA 	end trial
198.2077 	EXP 	New trial (rep=0, index=40): OrderedDict([('Onset', 148), ('Condition', 'CByellow.png'), ('Dur', 4), ('p_onset', 140), ('p_offset', 141)])
198.2962 	DATA 	start trial
198.4247 	EXP 	CStest: tex = 'CByellow.png'
198.4247 	EXP 	CStest: autoDraw = True
202.5080 	EXP 	CStest: autoDraw = False
202.5080 	EXP 	CStest: autoDraw = False
202.6246 	DATA 	end trial
202.6248 	EXP 	New trial (rep=0, index=41): OrderedDict([('Onset', 152), ('Condition', 'vend.png'), ('Dur', 2), ('p_onset', 4), ('p_offset', 0)])
202.7722 	DATA 	start trial
202.9080 	EXP 	CStest: tex = 'vend.png'
202.9080 	EXP 	CStest: autoDraw = True
204.9913 	EXP 	CStest: autoDraw = False
204.9913 	EXP 	CStest: autoDraw = False
205.1080 	DATA 	end trial
205.1081 	EXP 	New trial (rep=0, index=42): OrderedDict([('Onset', 154), ('Condition', 'CBgreen.png'), ('Dur', 4), ('p_onset', 134), ('p_offset', 135)])
205.2251 	DATA 	start trial
205.3580 	EXP 	CStest: tex = 'CBgreen.png'
205.3580 	EXP 	CStest: autoDraw = True
206.4248 	DATA 	Keypress: b
206.4249 	DATA 	tilt left
207.1081 	DATA 	Keypress: b
207.1082 	DATA 	tilt left
207.3081 	DATA 	Keypress: b
207.3082 	DATA 	tilt left
207.5414 	DATA 	Keypress: b
207.5415 	DATA 	tilt left
207.7581 	DATA 	Keypress: b
207.7581 	DATA 	tilt left
207.9920 	DATA 	Keypress: b
208.0080 	DATA 	tilt left
208.2248 	DATA 	Keypress: b
208.2248 	DATA 	tilt left
208.4748 	DATA 	Keypress: b
208.4749 	DATA 	tilt left
208.6914 	DATA 	Keypress: b
208.6914 	DATA 	tilt left
208.9414 	DATA 	Keypress: b
208.9414 	DATA 	tilt left
209.2080 	DATA 	Keypress: b
209.2081 	DATA 	tilt left
209.4412 	EXP 	CStest: autoDraw = False
209.4412 	EXP 	CStest: autoDraw = False
209.4415 	DATA 	Keypress: b
209.5584 	DATA 	end trial
209.5586 	EXP 	New trial (rep=0, index=43): OrderedDict([('Onset', 158), ('Condition', 'vend.png'), ('Dur', 2), ('p_onset', 4), ('p_offset', 0)])
209.6900 	DATA 	start trial
209.8413 	EXP 	CStest: tex = 'vend.png'
209.8413 	EXP 	CStest: autoDraw = True
211.9242 	EXP 	CStest: autoDraw = False
211.9242 	EXP 	CStest: autoDraw = False
212.0408 	DATA 	end trial
212.0410 	EXP 	New trial (rep=0, index=44): OrderedDict([('Onset', 160), ('Condition', 'CBblue.png'), ('Dur', 4), ('p_onset', 132), ('p_offset', 133)])
212.1650 	DATA 	start trial
212.2915 	EXP 	CStest: tex = 'CBblue.png'
212.2915 	EXP 	CStest: autoDraw = True
213.6081 	DATA 	Keypress: b
213.6081 	DATA 	tilt left
213.8581 	DATA 	Keypress: b
213.8581 	DATA 	tilt left
214.1080 	DATA 	Keypress: b
214.1081 	DATA 	tilt left
214.3247 	DATA 	Keypress: b
214.3247 	DATA 	tilt left
214.5580 	DATA 	Keypress: b
214.5581 	DATA 	tilt left
214.7747 	DATA 	Keypress: b
214.7747 	DATA 	tilt left
215.0247 	DATA 	Keypress: b
215.0247 	DATA 	tilt left
215.2913 	DATA 	Keypress: b
215.2914 	DATA 	tilt left
215.5247 	DATA 	Keypress: b
215.5247 	DATA 	tilt left
215.7747 	DATA 	Keypress: b
215.7747 	DATA 	tilt left
216.0247 	DATA 	Keypress: b
216.0247 	DATA 	tilt left
216.2580 	DATA 	Keypress: b
216.2581 	DATA 	tilt left
216.3908 	EXP 	CStest: autoDraw = False
216.3908 	EXP 	CStest: autoDraw = False
216.5083 	DATA 	end trial
216.5084 	EXP 	New trial (rep=0, index=45): OrderedDict([('Onset', 164), ('Condition', 'vend.png'), ('Dur', 2), ('p_onset', 4), ('p_offset', 0)])
216.6560 	DATA 	start trial
216.7912 	EXP 	CStest: tex = 'vend.png'
216.7912 	EXP 	CStest: autoDraw = True
218.8913 	EXP 	CStest: autoDraw = False
218.8913 	EXP 	CStest: autoDraw = False
219.0080 	DATA 	end trial
219.0082 	EXP 	New trial (rep=0, index=46): OrderedDict([('Onset', 166), ('Condition', 'CBblue.png'), ('Dur', 4), ('p_onset', 132), ('p_offset', 133)])
219.1281 	DATA 	start trial
219.2579 	EXP 	CStest: tex = 'CBblue.png'
219.2579 	EXP 	CStest: autoDraw = True
220.2414 	DATA 	Keypress: n
220.2414 	DATA 	tilt right
220.5080 	DATA 	Keypress: n
220.5081 	DATA 	tilt right
220.7413 	DATA 	Keypress: n
220.7414 	DATA 	tilt right
220.9413 	DATA 	Keypress: n
220.9414 	DATA 	tilt right
221.1746 	DATA 	Keypress: n
221.1748 	DATA 	tilt right
221.4080 	DATA 	Keypress: n
221.4080 	DATA 	tilt right
221.6580 	DATA 	Keypress: n
221.6581 	DATA 	tilt right
221.8747 	DATA 	Keypress: n
221.8747 	DATA 	tilt right
222.0913 	DATA 	Keypress: n
222.0914 	DATA 	tilt right
222.3246 	DATA 	Keypress: n
222.3247 	DATA 	tilt right
222.5581 	DATA 	Keypress: n
222.5581 	DATA 	tilt right
222.8080 	DATA 	Keypress: n
222.8081 	DATA 	tilt right
223.0746 	DATA 	Keypress: n
223.0747 	DATA 	tilt right
223.3531 	DATA 	Keypress: n
223.3579 	EXP 	CStest: autoDraw = False
223.3579 	EXP 	CStest: autoDraw = False
223.4747 	DATA 	end trial
223.4749 	EXP 	New trial (rep=0, index=47): OrderedDict([('Onset', 170), ('Condition', 'vend.png'), ('Dur', 2), ('p_onset', 4), ('p_offset', 0)])
223.6165 	DATA 	start trial
223.6373 	DATA 	Keypress: n
223.7579 	EXP 	CStest: tex = 'vend.png'
223.7579 	EXP 	CStest: autoDraw = True
225.8579 	EXP 	CStest: autoDraw = False
225.8579 	EXP 	CStest: autoDraw = False
225.9740 	DATA 	end trial
225.9742 	EXP 	New trial (rep=0, index=48): OrderedDict([('Onset', 172), ('Condition', 'CBgreen.png'), ('Dur', 4), ('p_onset', 134), ('p_offset', 135)])
226.0982 	DATA 	start trial
226.2240 	EXP 	CStest: tex = 'CBgreen.png'
226.2240 	EXP 	CStest: autoDraw = True
227.1089 	DATA 	Keypress: b
227.1246 	DATA 	tilt left
227.3913 	DATA 	Keypress: b
227.3914 	DATA 	tilt left
227.6080 	DATA 	Keypress: b
227.6080 	DATA 	tilt left
227.8580 	DATA 	Keypress: b
227.8580 	DATA 	tilt left
228.1080 	DATA 	Keypress: b
228.1080 	DATA 	tilt left
228.3746 	DATA 	Keypress: b
228.3747 	DATA 	tilt left
228.6246 	DATA 	Keypress: b
228.6247 	DATA 	tilt left
228.8913 	DATA 	Keypress: b
228.8913 	DATA 	tilt left
229.1580 	DATA 	Keypress: b
229.1580 	DATA 	tilt left
229.4080 	DATA 	Keypress: b
229.4080 	DATA 	tilt left
229.6590 	DATA 	Keypress: b
229.6746 	DATA 	tilt left
229.9246 	DATA 	Keypress: b
229.9247 	DATA 	tilt left
230.1590 	DATA 	Keypress: b
230.1745 	DATA 	tilt left
230.3411 	EXP 	CStest: autoDraw = False
230.3411 	EXP 	CStest: autoDraw = False
230.4580 	DATA 	end trial
230.4581 	EXP 	New trial (rep=0, index=49): OrderedDict([('Onset', 176), ('Condition', 'vend.png'), ('Dur', 2), ('p_onset', 4), ('p_offset', 0)])
230.6201 	DATA 	start trial
230.6401 	DATA 	Keypress: b
230.7579 	EXP 	CStest: tex = 'vend.png'
230.7579 	EXP 	CStest: autoDraw = True
232.8578 	EXP 	CStest: autoDraw = False
232.8578 	EXP 	CStest: autoDraw = False
232.9740 	DATA 	end trial
232.9742 	EXP 	New trial (rep=0, index=50): OrderedDict([('Onset', 178), ('Condition', 'CByellow.png'), ('Dur', 4), ('p_onset', 140), ('p_offset', 141)])
233.1158 	DATA 	start trial
233.2578 	EXP 	CStest: tex = 'CByellow.png'
233.2578 	EXP 	CStest: autoDraw = True
237.3411 	EXP 	CStest: autoDraw = False
237.3411 	EXP 	CStest: autoDraw = False
237.4568 	DATA 	end trial
237.4570 	EXP 	New trial (rep=0, index=51): OrderedDict([('Onset', 182), ('Condition', 'vend.png'), ('Dur', 2), ('p_onset', 4), ('p_offset', 0)])
237.6048 	DATA 	start trial
237.7411 	EXP 	CStest: tex = 'vend.png'
237.7411 	EXP 	CStest: autoDraw = True
239.8411 	EXP 	CStest: autoDraw = False
239.8411 	EXP 	CStest: autoDraw = False
239.9571 	DATA 	end trial
239.9573 	EXP 	New trial (rep=0, index=52): OrderedDict([('Onset', 184), ('Condition', 'CBred.png'), ('Dur', 4), ('p_onset', 126), ('p_offset', 127)])
240.0840 	DATA 	start trial
240.2244 	EXP 	CStest: tex = 'CBred.png'
240.2244 	EXP 	CStest: autoDraw = True
240.7079 	DATA 	Keypress: n
240.7080 	DATA 	tilt right
240.9746 	DATA 	Keypress: n
240.9746 	DATA 	tilt right
241.1912 	DATA 	Keypress: n
241.1913 	DATA 	tilt right
241.4245 	DATA 	Keypress: n
241.4246 	DATA 	tilt right
241.6912 	DATA 	Keypress: n
241.6913 	DATA 	tilt right
241.9746 	DATA 	Keypress: n
241.9746 	DATA 	tilt right
242.2246 	DATA 	Keypress: n
242.2246 	DATA 	tilt right
242.4745 	DATA 	Keypress: n
242.4746 	DATA 	tilt right
242.7412 	DATA 	Keypress: n
242.7413 	DATA 	tilt right
242.9911 	DATA 	Keypress: n
242.9912 	DATA 	tilt right
243.2412 	DATA 	Keypress: n
243.2413 	DATA 	tilt right
243.5246 	DATA 	Keypress: n
243.5246 	DATA 	tilt right
243.7756 	DATA 	Keypress: n
243.7911 	DATA 	tilt right
244.0578 	DATA 	Keypress: n
244.0579 	DATA 	tilt right
244.3166 	DATA 	Keypress: n
244.3244 	EXP 	CStest: autoDraw = False
244.3244 	EXP 	CStest: autoDraw = False
244.4414 	DATA 	end trial
244.4416 	EXP 	New trial (rep=0, index=53): OrderedDict([('Onset', 188), ('Condition', 'vend.png'), ('Dur', 2), ('p_onset', 4), ('p_offset', 0)])
244.6022 	DATA 	start trial
244.7411 	EXP 	CStest: tex = 'vend.png'
244.7411 	EXP 	CStest: autoDraw = True
246.8243 	EXP 	CStest: autoDraw = False
246.8243 	EXP 	CStest: autoDraw = False
246.9407 	DATA 	end trial
246.9408 	EXP 	New trial (rep=0, index=54): OrderedDict([('Onset', 190), ('Condition', 'CBblue.png'), ('Dur', 4), ('p_onset', 132), ('p_offset', 133)])
247.0776 	DATA 	start trial
247.2077 	EXP 	CStest: tex = 'CBblue.png'
247.2077 	EXP 	CStest: autoDraw = True
247.7746 	DATA 	Keypress: b
247.7747 	DATA 	tilt left
248.0245 	DATA 	Keypress: b
248.0246 	DATA 	tilt left
248.2578 	DATA 	Keypress: b
248.2579 	DATA 	tilt left
248.5078 	DATA 	Keypress: b
248.5079 	DATA 	tilt left
248.7745 	DATA 	Keypress: b
248.7746 	DATA 	tilt left
249.0245 	DATA 	Keypress: b
249.0246 	DATA 	tilt left
249.2745 	DATA 	Keypress: b
249.2746 	DATA 	tilt left
249.5411 	DATA 	Keypress: b
249.5412 	DATA 	tilt left
249.8078 	DATA 	Keypress: b
249.8078 	DATA 	tilt left
250.0745 	DATA 	Keypress: b
250.0745 	DATA 	tilt left
250.3411 	DATA 	Keypress: b
250.3412 	DATA 	tilt left
250.6245 	DATA 	Keypress: b
250.6245 	DATA 	tilt left
250.9078 	DATA 	Keypress: b
250.9079 	DATA 	tilt left
251.1578 	DATA 	Keypress: b
251.1579 	DATA 	tilt left
251.3077 	EXP 	CStest: autoDraw = False
251.3077 	EXP 	CStest: autoDraw = False
251.4248 	DATA 	end trial
251.4250 	EXP 	New trial (rep=0, index=55): OrderedDict([('Onset', 194), ('Condition', 'vend.png'), ('Dur', 2), ('p_onset', 4), ('p_offset', 0)])
251.5885 	DATA 	start trial
251.7244 	EXP 	CStest: tex = 'vend.png'
251.7244 	EXP 	CStest: autoDraw = True
253.8243 	EXP 	CStest: autoDraw = False
253.8243 	EXP 	CStest: autoDraw = False
253.9399 	DATA 	end trial
253.9401 	EXP 	New trial (rep=0, index=56): OrderedDict([('Onset', 196), ('Condition', 'CByellow.png'), ('Dur', 4), ('p_onset', 140), ('p_offset', 141)])
254.0820 	DATA 	start trial
254.2072 	EXP 	CStest: tex = 'CByellow.png'
254.2072 	EXP 	CStest: autoDraw = True
258.2910 	EXP 	CStest: autoDraw = False
258.2910 	EXP 	CStest: autoDraw = False
258.4081 	DATA 	end trial
258.4083 	EXP 	New trial (rep=0, index=57): OrderedDict([('Onset', 200), ('Condition', 'vend.png'), ('Dur', 2), ('p_onset', 4), ('p_offset', 0)])
258.5647 	DATA 	start trial
258.7076 	EXP 	CStest: tex = 'vend.png'
258.7076 	EXP 	CStest: autoDraw = True
260.8076 	EXP 	CStest: autoDraw = False
260.8076 	EXP 	CStest: autoDraw = False
260.9347 	DATA 	end trial
260.9348 	EXP 	New trial (rep=0, index=58): OrderedDict([('Onset', 202), ('Condition', 'CBgreen.png'), ('Dur', 4), ('p_onset', 134), ('p_offset', 135)])
261.0764 	DATA 	start trial
261.2076 	EXP 	CStest: tex = 'CBgreen.png'
261.2076 	EXP 	CStest: autoDraw = True
261.8244 	DATA 	Keypress: n
261.8245 	DATA 	tilt right
262.1086 	DATA 	Keypress: n
262.1244 	DATA 	tilt right
262.3411 	DATA 	Keypress: n
262.3411 	DATA 	tilt right
262.6086 	DATA 	Keypress: n
262.6244 	DATA 	tilt right
262.8577 	DATA 	Keypress: n
262.8578 	DATA 	tilt right
263.0911 	DATA 	Keypress: n
263.0912 	DATA 	tilt right
263.3577 	DATA 	Keypress: n
263.3578 	DATA 	tilt right
263.6910 	DATA 	Keypress: n
263.6911 	DATA 	tilt right
263.9911 	DATA 	Keypress: n
263.9911 	DATA 	tilt right
264.2577 	DATA 	Keypress: n
264.2578 	DATA 	tilt right
264.5077 	DATA 	Keypress: n
264.5078 	DATA 	tilt right
264.7577 	DATA 	Keypress: n
264.7578 	DATA 	tilt right
265.0077 	DATA 	Keypress: n
265.0078 	DATA 	tilt right
265.3004 	DATA 	Keypress: n
265.3076 	EXP 	CStest: autoDraw = False
265.3076 	EXP 	CStest: autoDraw = False
265.4242 	DATA 	end trial
265.4245 	EXP 	New trial (rep=0, index=59): OrderedDict([('Onset', 206), ('Condition', 'vend.png'), ('Dur', 2), ('p_onset', 4), ('p_offset', 0)])
265.5895 	DATA 	start trial
265.7238 	EXP 	CStest: tex = 'vend.png'
265.7238 	EXP 	CStest: autoDraw = True
267.8242 	EXP 	CStest: autoDraw = False
267.8242 	EXP 	CStest: autoDraw = False
267.9404 	DATA 	end trial
267.9406 	EXP 	New trial (rep=0, index=60): OrderedDict([('Onset', 208), ('Condition', 'CBred.png'), ('Dur', 4), ('p_onset', 126), ('p_offset', 127)])
268.0775 	DATA 	start trial
268.2076 	EXP 	CStest: tex = 'CBred.png'
268.2076 	EXP 	CStest: autoDraw = True
268.9244 	DATA 	Keypress: b
268.9244 	DATA 	tilt left
269.2077 	DATA 	Keypress: b
269.2078 	DATA 	tilt left
269.4744 	DATA 	Keypress: b
269.4745 	DATA 	tilt left
269.7410 	DATA 	Keypress: b
269.7411 	DATA 	tilt left
269.9744 	DATA 	Keypress: b
269.9744 	DATA 	tilt left
270.2244 	DATA 	Keypress: b
270.2245 	DATA 	tilt left
270.4744 	DATA 	Keypress: b
270.4744 	DATA 	tilt left
270.7410 	DATA 	Keypress: b
270.7411 	DATA 	tilt left
271.0243 	DATA 	Keypress: b
271.0244 	DATA 	tilt left
271.2910 	DATA 	Keypress: b
271.2911 	DATA 	tilt left
271.5577 	DATA 	Keypress: b
271.5577 	DATA 	tilt left
271.8410 	DATA 	Keypress: b
271.8411 	DATA 	tilt left
272.1077 	DATA 	Keypress: b
272.1078 	DATA 	tilt left
272.3075 	EXP 	CStest: autoDraw = False
272.3075 	EXP 	CStest: autoDraw = False
272.3621 	DATA 	Keypress: b
272.4246 	DATA 	end trial
272.4249 	EXP 	New trial (rep=0, index=61): OrderedDict([('Onset', 212), ('Condition', 'vend.png'), ('Dur', 2), ('p_onset', 4), ('p_offset', 0)])
272.5859 	DATA 	start trial
272.7243 	EXP 	CStest: tex = 'vend.png'
272.7243 	EXP 	CStest: autoDraw = True
274.8242 	EXP 	CStest: autoDraw = False
274.8242 	EXP 	CStest: autoDraw = False
274.9405 	DATA 	end trial
275.0408 	EXP 	text_2: autoDraw = True
275.9742 	EXP 	text_2: autoDraw = False
275.9742 	EXP 	text_3: text = 'You have earned: 4 M&Ms, 0 cookies and 1 Doritos!'
275.9742 	EXP 	text_3: autoDraw = True
297.3432 	DATA 	Keypress: q
297.3573 	EXP 	text_3: autoDraw = False
297.3573 	EXP 	text: autoDraw = True
303.3744 	DATA 	Keypress: return
304.2084 	DATA 	Keypress: return
306.1245 	DATA 	Keypress: p
308.0411 	DATA 	Keypress: q
308.0413 	DATA 	Keypress: q
308.2574 	EXP 	window1: mouseVisible = True
