28.4434 	DATA 	Keypress: c
61.9481 	DATA 	version B
76.4991 	DATA 	Mouse: Left button down, pos=(800,318)
76.7306 	DATA 	Mouse:  Left button up, pos=(800,318)
87.0994 	DATA 	Keypress: space
92.0498 	DATA 	Keypress: space
102.8650 	DATA 	Keypress: n
103.8331 	DATA 	Keypress: space
107.9813 	DATA 	Keypress: b
108.2312 	DATA 	Keypress: b
108.2313 	DATA 	Keypress: n
108.4482 	DATA 	Keypress: b
108.6313 	DATA 	Keypress: n
108.7982 	DATA 	Keypress: n
108.8483 	DATA 	Keypress: b
109.0153 	DATA 	Keypress: n
109.2153 	DATA 	Keypress: n
109.3653 	DATA 	Keypress: n
109.5483 	DATA 	Keypress: n
109.8153 	DATA 	Keypress: b
109.9653 	DATA 	Keypress: b
110.0984 	DATA 	Keypress: b
110.2653 	DATA 	Keypress: b
110.3983 	DATA 	Keypress: b
110.5313 	DATA 	Keypress: b
110.5314 	DATA 	Keypress: n
117.3317 	DATA 	Keypress: q
120.9632 	DATA 	Keypress: n
121.4298 	DATA 	Keypress: n
121.6631 	DATA 	Keypress: n
122.1139 	DATA 	Keypress: n
122.4131 	DATA 	Keypress: n
122.5798 	DATA 	Keypress: n
122.7632 	DATA 	Keypress: n
122.9298 	DATA 	Keypress: n
123.2300 	DATA 	Keypress: n
123.2301 	DATA 	win B
123.4564 	DATA 	Keypress: n
124.1465 	DATA 	Keypress: n
124.3631 	DATA 	Keypress: n
124.5132 	DATA 	Keypress: n
124.6965 	DATA 	Keypress: n
124.8798 	DATA 	Keypress: n
125.0631 	DATA 	Keypress: n
125.3299 	DATA 	Keypress: n
125.5143 	DATA 	Keypress: n
125.7111 	DATA 	Keypress: n
125.8965 	DATA 	Keypress: n
126.0965 	DATA 	Keypress: n
126.5465 	DATA 	Keypress: n
126.8632 	DATA 	Keypress: n
127.0631 	DATA 	Keypress: n
127.2965 	DATA 	Keypress: n
127.2966 	DATA 	win B
128.0798 	DATA 	Keypress: n
128.2965 	DATA 	Keypress: n
128.4631 	DATA 	Keypress: n
128.6298 	DATA 	Keypress: n
128.8298 	DATA 	Keypress: n
129.0298 	DATA 	Keypress: n
129.2298 	DATA 	Keypress: n
129.8965 	DATA 	Keypress: b
130.1298 	DATA 	Keypress: b
130.3131 	DATA 	Keypress: b
130.5131 	DATA 	Keypress: b
130.6964 	DATA 	Keypress: b
130.8964 	DATA 	Keypress: b
131.1131 	DATA 	Keypress: b
131.1132 	DATA 	win A
131.3565 	DATA 	Keypress: b
131.8798 	DATA 	Keypress: b
132.1131 	DATA 	Keypress: b
132.3131 	DATA 	Keypress: b
132.4964 	DATA 	Keypress: b
132.7131 	DATA 	Keypress: b
133.2131 	DATA 	Keypress: b
133.5151 	DATA 	Keypress: b
133.7298 	DATA 	Keypress: b
134.0131 	DATA 	Keypress: b
134.2464 	DATA 	Keypress: b
134.4798 	DATA 	Keypress: b
134.7298 	DATA 	Keypress: b
134.9797 	DATA 	Keypress: b
135.1797 	DATA 	Keypress: b
135.1798 	DATA 	win A
135.3524 	DATA 	Keypress: b
135.8964 	DATA 	Keypress: b
135.9797 	DATA 	Keypress: n
136.2797 	DATA 	Keypress: b
136.4464 	DATA 	Keypress: n
136.6297 	DATA 	Keypress: b
136.7464 	DATA 	Keypress: n
136.8964 	DATA 	Keypress: b
137.0464 	DATA 	Keypress: n
137.3964 	DATA 	Keypress: b
137.6403 	DATA 	Keypress: b
137.8905 	DATA 	Keypress: b
137.9876 	DATA 	Keypress: b
140.3708 	DATA 	Keypress: b
140.5084 	DATA 	correct
144.8630 	DATA 	Keypress: b
145.1797 	DATA 	Keypress: n
145.4630 	DATA 	Keypress: b
145.6797 	DATA 	Keypress: b
145.8797 	DATA 	Keypress: b
146.1130 	DATA 	Keypress: b
146.3630 	DATA 	Keypress: b
146.6297 	DATA 	Keypress: b
146.8797 	DATA 	Keypress: b
146.8797 	DATA 	win A
147.1309 	DATA 	Keypress: b
148.1797 	DATA 	Keypress: b
149.2859 	DATA 	Keypress: b
149.5297 	DATA 	Keypress: n
149.7797 	DATA 	Keypress: n
149.9796 	DATA 	Keypress: n
150.1963 	DATA 	Keypress: n
150.4131 	DATA 	Keypress: n
150.6296 	DATA 	Keypress: n
150.8130 	DATA 	Keypress: n
151.0296 	DATA 	Keypress: n
151.4463 	DATA 	Keypress: n
151.4464 	DATA 	win B
151.6412 	DATA 	Keypress: n
152.2463 	DATA 	Keypress: n
152.5463 	DATA 	Keypress: n
153.2463 	DATA 	Keypress: b
153.5297 	DATA 	Keypress: b
153.8706 	DATA 	Keypress: b
154.0796 	DATA 	Keypress: b
154.3796 	DATA 	Keypress: b
155.0296 	DATA 	Keypress: b
155.2630 	DATA 	Keypress: b
155.4796 	DATA 	Keypress: b
155.6796 	DATA 	Keypress: b
155.9463 	DATA 	Keypress: b
155.9464 	DATA 	win A
158.9963 	DATA 	Keypress: n
159.3130 	DATA 	Keypress: n
159.5463 	DATA 	Keypress: n
159.7630 	DATA 	Keypress: n
159.9962 	DATA 	Keypress: n
160.2462 	DATA 	Keypress: n
160.5129 	DATA 	Keypress: n
160.7462 	DATA 	Keypress: n
161.0129 	DATA 	Keypress: n
161.0130 	DATA 	win B
161.2951 	DATA 	Keypress: n
165.6820 	DATA 	Keypress: n
165.8215 	DATA 	correct
169.1962 	DATA 	Keypress: n
169.5129 	DATA 	Keypress: n
169.7795 	DATA 	Keypress: n
170.0462 	DATA 	Keypress: n
170.2962 	DATA 	Keypress: n
170.5795 	DATA 	Keypress: n
170.5796 	DATA 	win B
175.4129 	DATA 	Keypress: n
175.7295 	DATA 	Keypress: n
175.9628 	DATA 	Keypress: n
176.2129 	DATA 	Keypress: n
176.4963 	DATA 	Keypress: n
176.8295 	DATA 	Keypress: n
177.0628 	DATA 	Keypress: n
177.3961 	DATA 	Keypress: n
177.3963 	DATA 	win B
177.6710 	DATA 	Keypress: n
179.5462 	DATA 	Keypress: b
179.8327 	DATA 	Keypress: b
180.1794 	DATA 	Keypress: b
180.3128 	DATA 	Keypress: b
180.5295 	DATA 	Keypress: b
180.7795 	DATA 	Keypress: b
181.0295 	DATA 	Keypress: b
181.2795 	DATA 	Keypress: b
181.2795 	DATA 	win A
181.5516 	DATA 	Keypress: b
184.9461 	DATA 	Keypress: b
185.2128 	DATA 	Keypress: b
185.4794 	DATA 	Keypress: b
185.7128 	DATA 	Keypress: b
185.9795 	DATA 	Keypress: b
186.2628 	DATA 	Keypress: b
186.5461 	DATA 	Keypress: b
186.5462 	DATA 	win A
189.3033 	DATA 	Keypress: b
191.3767 	DATA 	Keypress: b
191.5219 	DATA 	correct
195.0627 	DATA 	Keypress: b
195.3460 	DATA 	Keypress: b
195.5627 	DATA 	Keypress: b
195.7960 	DATA 	Keypress: b
196.0294 	DATA 	Keypress: b
196.2634 	DATA 	Keypress: b
196.2793 	DATA 	win A
196.5187 	DATA 	Keypress: b
197.4961 	DATA 	Keypress: n
197.7460 	DATA 	Keypress: n
197.9794 	DATA 	Keypress: n
198.2460 	DATA 	Keypress: n
198.4961 	DATA 	Keypress: n
198.7647 	DATA 	Keypress: n
199.4127 	DATA 	Keypress: n
199.7127 	DATA 	Keypress: n
199.9793 	DATA 	Keypress: n
200.2460 	DATA 	Keypress: n
200.5460 	DATA 	Keypress: n
200.8137 	DATA 	Keypress: n
201.1127 	DATA 	Keypress: n
201.4627 	DATA 	Keypress: n
201.7793 	DATA 	Keypress: n
202.0460 	DATA 	Keypress: n
202.0461 	DATA 	win B
202.2678 	DATA 	Keypress: n
205.1969 	DATA 	Keypress: b
205.4626 	DATA 	Keypress: b
205.7293 	DATA 	Keypress: b
205.9960 	DATA 	Keypress: b
206.2127 	DATA 	Keypress: b
206.4460 	DATA 	Keypress: b
206.6793 	DATA 	Keypress: b
206.6794 	DATA 	win A
206.9536 	DATA 	Keypress: b
209.7627 	DATA 	Keypress: b
209.9959 	DATA 	Keypress: b
210.2127 	DATA 	Keypress: b
210.4626 	DATA 	Keypress: b
210.6793 	DATA 	Keypress: b
210.9126 	DATA 	Keypress: b
211.1626 	DATA 	Keypress: b
211.1627 	DATA 	win A
215.4010 	DATA 	Keypress: b
215.5201 	DATA 	correct
218.6459 	DATA 	Keypress: n
218.9292 	DATA 	Keypress: n
219.1625 	DATA 	Keypress: n
219.3793 	DATA 	Keypress: n
219.6125 	DATA 	Keypress: n
219.8125 	DATA 	Keypress: n
220.0625 	DATA 	Keypress: n
220.3125 	DATA 	Keypress: n
220.5625 	DATA 	Keypress: n
220.5626 	DATA 	win B
223.6626 	DATA 	Keypress: b
223.9458 	DATA 	Keypress: b
224.1792 	DATA 	Keypress: b
224.3958 	DATA 	Keypress: b
224.6458 	DATA 	Keypress: b
224.8792 	DATA 	Keypress: b
225.1125 	DATA 	Keypress: b
226.1958 	DATA 	Keypress: b
226.1959 	DATA 	win A
226.4445 	DATA 	Keypress: b
230.2458 	DATA 	Keypress: n
230.5291 	DATA 	Keypress: n
230.7458 	DATA 	Keypress: n
230.9800 	DATA 	Keypress: n
231.2458 	DATA 	Keypress: n
231.5125 	DATA 	Keypress: n
231.7958 	DATA 	Keypress: n
231.7959 	DATA 	win B
235.4625 	DATA 	Keypress: b
235.7624 	DATA 	Keypress: b
235.9958 	DATA 	Keypress: b
236.2304 	DATA 	Keypress: b
236.4958 	DATA 	Keypress: b
236.7291 	DATA 	Keypress: b
236.9791 	DATA 	Keypress: b
237.2125 	DATA 	Keypress: b
237.5124 	DATA 	Keypress: b
237.5125 	DATA 	win A
242.0342 	DATA 	Keypress: b
242.1552 	DATA 	correct
245.5291 	DATA 	Keypress: n
245.7791 	DATA 	Keypress: n
246.0124 	DATA 	Keypress: n
246.2457 	DATA 	Keypress: n
246.4791 	DATA 	Keypress: n
246.7290 	DATA 	Keypress: n
247.0124 	DATA 	Keypress: n
247.0125 	DATA 	win B
250.2791 	DATA 	Keypress: b
250.5457 	DATA 	Keypress: b
250.7791 	DATA 	Keypress: b
251.0124 	DATA 	Keypress: b
251.2624 	DATA 	Keypress: b
251.5291 	DATA 	Keypress: b
251.7791 	DATA 	Keypress: b
252.0624 	DATA 	Keypress: b
252.8124 	DATA 	Keypress: b
253.0957 	DATA 	Keypress: b
253.0957 	DATA 	win A
253.3179 	DATA 	Keypress: b
257.6291 	DATA 	Keypress: b
257.7456 	DATA 	Keypress: n
258.1956 	DATA 	Keypress: n
258.4123 	DATA 	Keypress: n
258.5957 	DATA 	Keypress: n
258.8623 	DATA 	Keypress: n
259.0957 	DATA 	Keypress: n
259.3623 	DATA 	Keypress: n
259.6123 	DATA 	Keypress: n
259.6124 	DATA 	win B
259.8592 	DATA 	Keypress: n
263.3290 	DATA 	Keypress: b
263.6123 	DATA 	Keypress: b
263.8286 	DATA 	Keypress: b
264.0623 	DATA 	Keypress: b
264.5623 	DATA 	Keypress: b
264.8123 	DATA 	Keypress: b
265.0789 	DATA 	Keypress: b
265.0790 	DATA 	win A
265.3493 	DATA 	Keypress: b
269.2020 	DATA 	Keypress: b
269.3347 	DATA 	correct
272.9789 	DATA 	Keypress: n
273.2789 	DATA 	Keypress: n
273.5456 	DATA 	Keypress: n
273.8122 	DATA 	Keypress: n
274.0789 	DATA 	Keypress: n
274.3622 	DATA 	Keypress: n
274.6456 	DATA 	Keypress: n
274.6457 	DATA 	win B
274.9220 	DATA 	Keypress: n
278.3122 	DATA 	Keypress: b
278.5955 	DATA 	Keypress: b
278.8789 	DATA 	Keypress: b
279.1455 	DATA 	Keypress: b
279.4455 	DATA 	Keypress: b
279.7289 	DATA 	Keypress: b
279.7289 	DATA 	win A
279.9859 	DATA 	Keypress: b
283.3122 	DATA 	Keypress: n
283.6621 	DATA 	Keypress: n
284.0622 	DATA 	Keypress: n
284.3622 	DATA 	Keypress: n
284.6455 	DATA 	Keypress: n
284.9288 	DATA 	Keypress: n
285.2455 	DATA 	Keypress: n
285.2456 	DATA 	win B
288.9788 	DATA 	Keypress: b
289.3121 	DATA 	Keypress: b
289.5954 	DATA 	Keypress: b
289.8788 	DATA 	Keypress: b
290.1954 	DATA 	Keypress: b
290.4788 	DATA 	Keypress: b
290.7621 	DATA 	Keypress: b
291.0800 	DATA 	Keypress: b
291.0954 	DATA 	win A
295.2049 	DATA 	Keypress: b
295.3368 	DATA 	correct
299.3288 	DATA 	Keypress: n
299.6787 	DATA 	Keypress: n
299.9787 	DATA 	Keypress: n
300.3121 	DATA 	Keypress: n
300.6287 	DATA 	Keypress: n
300.9454 	DATA 	Keypress: n
301.2787 	DATA 	Keypress: n
301.6287 	DATA 	Keypress: n
302.9453 	DATA 	Keypress: n
302.9454 	DATA 	win B
308.1453 	DATA 	Keypress: b
308.4287 	DATA 	Keypress: b
308.7120 	DATA 	Keypress: b
308.9620 	DATA 	Keypress: b
309.2286 	DATA 	Keypress: b
309.5120 	DATA 	Keypress: b
309.7954 	DATA 	Keypress: b
310.0454 	DATA 	Keypress: b
310.6787 	DATA 	Keypress: b
310.6788 	DATA 	win A
314.6120 	DATA 	Keypress: n
314.9120 	DATA 	Keypress: n
315.1620 	DATA 	Keypress: n
315.3786 	DATA 	Keypress: n
315.6453 	DATA 	Keypress: n
315.9286 	DATA 	Keypress: n
315.9287 	DATA 	win B
320.1788 	DATA 	Keypress: b
320.5119 	DATA 	Keypress: b
320.7786 	DATA 	Keypress: b
321.0786 	DATA 	Keypress: b
321.3619 	DATA 	Keypress: b
322.2119 	DATA 	Keypress: b
322.2120 	DATA 	win A
325.6875 	DATA 	Keypress: n
325.8231 	DATA 	Oops!
326.4167 	DATA 	Keypress: b
330.8953 	DATA 	Keypress: b
331.1457 	DATA 	Keypress: b
331.4285 	DATA 	Keypress: b
331.6628 	DATA 	Keypress: b
331.9298 	DATA 	Keypress: b
332.1952 	DATA 	Keypress: b
332.4452 	DATA 	Keypress: b
332.7285 	DATA 	Keypress: b
332.7286 	DATA 	win A
336.7785 	DATA 	Keypress: n
337.0451 	DATA 	Keypress: n
337.3285 	DATA 	Keypress: n
337.6285 	DATA 	Keypress: n
337.9285 	DATA 	Keypress: n
338.2451 	DATA 	Keypress: n
338.2452 	DATA 	win B
343.3785 	DATA 	Keypress: b
343.6118 	DATA 	Keypress: b
343.8784 	DATA 	Keypress: b
344.1451 	DATA 	Keypress: b
344.4118 	DATA 	Keypress: b
344.6785 	DATA 	Keypress: b
344.9618 	DATA 	Keypress: b
345.2951 	DATA 	Keypress: b
345.5784 	DATA 	Keypress: b
345.8618 	DATA 	Keypress: b
345.8618 	DATA 	win A
349.5951 	DATA 	Keypress: n
349.8784 	DATA 	Keypress: n
350.1451 	DATA 	Keypress: n
350.3617 	DATA 	Keypress: n
350.5784 	DATA 	Keypress: n
350.8117 	DATA 	Keypress: n
351.0457 	DATA 	Keypress: n
351.2951 	DATA 	Keypress: n
351.2952 	DATA 	win B
355.8387 	DATA 	Keypress: n
355.9691 	DATA 	correct
360.3284 	DATA 	Keypress: b
360.6284 	DATA 	Keypress: b
360.8784 	DATA 	Keypress: b
361.1450 	DATA 	Keypress: b
361.4117 	DATA 	Keypress: b
361.6617 	DATA 	Keypress: b
361.9117 	DATA 	Keypress: b
362.6951 	DATA 	Keypress: b
362.9283 	DATA 	Keypress: b
363.1616 	DATA 	Keypress: b
363.1617 	DATA 	win A
363.4133 	DATA 	Keypress: b
366.8117 	DATA 	Keypress: n
367.1116 	DATA 	Keypress: n
367.3116 	DATA 	Keypress: n
367.5283 	DATA 	Keypress: n
367.7784 	DATA 	Keypress: n
368.0116 	DATA 	Keypress: n
368.2283 	DATA 	Keypress: n
368.6283 	DATA 	Keypress: n
369.4450 	DATA 	Keypress: n
369.4451 	DATA 	win B
372.8116 	DATA 	Keypress: b
373.0449 	DATA 	Keypress: b
373.2283 	DATA 	Keypress: b
373.4616 	DATA 	Keypress: b
373.6949 	DATA 	Keypress: b
373.9116 	DATA 	Keypress: b
374.1449 	DATA 	Keypress: b
374.3616 	DATA 	Keypress: b
374.5782 	DATA 	Keypress: b
374.7782 	DATA 	Keypress: b
374.7783 	DATA 	win A
378.4116 	DATA 	Keypress: n
378.6291 	DATA 	Keypress: n
378.8782 	DATA 	Keypress: n
379.1449 	DATA 	Keypress: n
379.3616 	DATA 	Keypress: n
379.6116 	DATA 	Keypress: n
379.6116 	DATA 	win B
379.8570 	DATA 	Keypress: n
384.0552 	DATA 	Keypress: n
384.1866 	DATA 	correct
387.0282 	DATA 	Keypress: b
387.2794 	DATA 	Keypress: b
387.5448 	DATA 	Keypress: b
387.7948 	DATA 	Keypress: b
388.0448 	DATA 	Keypress: b
388.3115 	DATA 	Keypress: b
388.3116 	DATA 	win A
388.5630 	DATA 	Keypress: b
391.5448 	DATA 	Keypress: n
391.8282 	DATA 	Keypress: n
392.1115 	DATA 	Keypress: n
392.3282 	DATA 	Keypress: n
392.5281 	DATA 	Keypress: n
392.9615 	DATA 	Keypress: n
393.3782 	DATA 	Keypress: n
393.6782 	DATA 	Keypress: n
393.6783 	DATA 	win B
393.9006 	DATA 	Keypress: n
398.1948 	DATA 	Keypress: b
398.4281 	DATA 	Keypress: b
398.6781 	DATA 	Keypress: b
398.9114 	DATA 	Keypress: b
399.1781 	DATA 	Keypress: b
399.4448 	DATA 	Keypress: b
399.4448 	DATA 	win A
402.5781 	DATA 	Keypress: n
402.8780 	DATA 	Keypress: n
403.1614 	DATA 	Keypress: n
403.3947 	DATA 	Keypress: n
403.6781 	DATA 	Keypress: n
403.9292 	DATA 	Keypress: n
404.2281 	DATA 	Keypress: n
404.5448 	DATA 	Keypress: n
405.0947 	DATA 	Keypress: n
405.0948 	DATA 	win B
409.3370 	DATA 	Keypress: n
409.4694 	DATA 	correct
413.2947 	DATA 	Keypress: b
413.5780 	DATA 	Keypress: b
413.8114 	DATA 	Keypress: b
414.0780 	DATA 	Keypress: b
414.3280 	DATA 	Keypress: b
414.5947 	DATA 	Keypress: b
414.8447 	DATA 	Keypress: b
415.9113 	DATA 	Keypress: b
415.9114 	DATA 	win A
416.1330 	DATA 	Keypress: b
418.4969 	DATA 	Keypress: n
418.7948 	DATA 	Keypress: n
419.0619 	DATA 	Keypress: n
419.4280 	DATA 	Keypress: n
419.7946 	DATA 	Keypress: n
420.1280 	DATA 	Keypress: n
420.5290 	DATA 	Keypress: n
420.9447 	DATA 	Keypress: n
421.3446 	DATA 	Keypress: n
421.3448 	DATA 	win B
424.2947 	DATA 	Keypress: b
424.5946 	DATA 	Keypress: b
424.8780 	DATA 	Keypress: b
425.1792 	DATA 	Keypress: b
425.5113 	DATA 	Keypress: b
425.8113 	DATA 	Keypress: b
426.1613 	DATA 	Keypress: b
426.4779 	DATA 	Keypress: b
427.0113 	DATA 	Keypress: b
427.0114 	DATA 	win A
430.4280 	DATA 	Keypress: n
430.7113 	DATA 	Keypress: n
431.0112 	DATA 	Keypress: n
431.2779 	DATA 	Keypress: n
431.6279 	DATA 	Keypress: n
431.9446 	DATA 	Keypress: n
431.9446 	DATA 	win B
436.1548 	DATA 	Keypress: n
436.2850 	DATA 	correct
439.3612 	DATA 	Keypress: b
439.6445 	DATA 	Keypress: b
439.9112 	DATA 	Keypress: b
440.2112 	DATA 	Keypress: b
440.4945 	DATA 	Keypress: b
440.7778 	DATA 	Keypress: b
441.0778 	DATA 	Keypress: b
441.0779 	DATA 	win A
441.3595 	DATA 	Keypress: b
447.1111 	DATA 	Keypress: b
447.1778 	DATA 	Keypress: n
447.4778 	DATA 	Keypress: n
447.7278 	DATA 	Keypress: n
448.0278 	DATA 	Keypress: n
448.2944 	DATA 	Keypress: n
448.6111 	DATA 	Keypress: n
448.6112 	DATA 	win B
448.8864 	DATA 	Keypress: n
452.2444 	DATA 	Keypress: b
452.5111 	DATA 	Keypress: b
452.7777 	DATA 	Keypress: b
453.0444 	DATA 	Keypress: b
453.3278 	DATA 	Keypress: b
453.5944 	DATA 	Keypress: b
453.8944 	DATA 	Keypress: b
454.1611 	DATA 	Keypress: b
454.1612 	DATA 	win A
457.4777 	DATA 	Keypress: n
457.7611 	DATA 	Keypress: n
458.0277 	DATA 	Keypress: n
458.2944 	DATA 	Keypress: n
458.5777 	DATA 	Keypress: n
458.8944 	DATA 	Keypress: n
459.2110 	DATA 	Keypress: n
459.5444 	DATA 	Keypress: n
459.8279 	DATA 	Keypress: n
460.1777 	DATA 	Keypress: n
460.1778 	DATA 	win B
463.3864 	DATA 	Keypress: b
464.4041 	DATA 	Keypress: n
464.5732 	DATA 	correct
467.8610 	DATA 	Keypress: b
468.1277 	DATA 	Keypress: b
468.3958 	DATA 	Keypress: b
468.6610 	DATA 	Keypress: b
468.9443 	DATA 	Keypress: b
469.2277 	DATA 	Keypress: b
469.5443 	DATA 	Keypress: b
469.8110 	DATA 	Keypress: b
470.3943 	DATA 	Keypress: b
470.3944 	DATA 	win A
470.6173 	DATA 	Keypress: b
473.4777 	DATA 	Keypress: n
473.7443 	DATA 	Keypress: n
473.9610 	DATA 	Keypress: n
474.1776 	DATA 	Keypress: n
474.4109 	DATA 	Keypress: n
474.6444 	DATA 	Keypress: n
474.8944 	DATA 	Keypress: n
475.3776 	DATA 	Keypress: n
475.7110 	DATA 	Keypress: n
475.7110 	DATA 	win B
478.7110 	DATA 	Keypress: b
478.9443 	DATA 	Keypress: b
479.1444 	DATA 	Keypress: b
479.3776 	DATA 	Keypress: b
479.6276 	DATA 	Keypress: b
479.8443 	DATA 	Keypress: b
480.0943 	DATA 	Keypress: b
480.3276 	DATA 	Keypress: b
480.3277 	DATA 	win A
483.5610 	DATA 	Keypress: n
483.8109 	DATA 	Keypress: n
484.0276 	DATA 	Keypress: n
484.2609 	DATA 	Keypress: n
484.5109 	DATA 	Keypress: n
484.7609 	DATA 	Keypress: n
484.9776 	DATA 	Keypress: n
485.2609 	DATA 	Keypress: n
485.5442 	DATA 	Keypress: n
485.9276 	DATA 	Keypress: n
485.9277 	DATA 	win B
490.1706 	DATA 	Keypress: n
490.3468 	DATA 	correct
505.0290 	DATA 	Keypress: space
510.4128 	DATA 	Keypress: q
