26.2416 	DATA 	Keypress: d
27.7616 	DATA 	Keypress: return
30.2418 	DATA 	Keypress: o
30.6354 	DATA 	version B
33.5828 	DATA 	Keypress: p
36.0658 	DATA 	Keypress: o
38.4671 	DATA 	Keypress: q
61.6043 	DATA 	Keypress: space
68.9465 	WARNING 	Image 'Doritos.png' was not a square power-of-two ' 'image. Linearly interpolating to be 1024x1024
80.0204 	WARNING 	Image 'Amos.png' was not a square power-of-two ' 'image. Linearly interpolating to be 512x512
85.5289 	WARNING 	Image 'Doritos.png' was not a square power-of-two ' 'image. Linearly interpolating to be 1024x1024
96.5240 	WARNING 	Image 'Amos.png' was not a square power-of-two ' 'image. Linearly interpolating to be 512x512
113.0476 	WARNING 	Image 'Doritos.png' was not a square power-of-two ' 'image. Linearly interpolating to be 1024x1024
123.9314 	WARNING 	Multiple images have needed resizing - I'll stop bothering you!
135.2013 	DATA 	Keypress: k
135.3173 	DATA 	correct
150.2546 	WARNING 	Multiple images have needed resizing - I'll stop bothering you!
155.7628 	WARNING 	Multiple images have needed resizing - I'll stop bothering you!
166.7194 	WARNING 	Multiple images have needed resizing - I'll stop bothering you!
177.7783 	WARNING 	Multiple images have needed resizing - I'll stop bothering you!
183.2652 	WARNING 	Multiple images have needed resizing - I'll stop bothering you!
199.7379 	WARNING 	Multiple images have needed resizing - I'll stop bothering you!
210.6336 	DATA 	Keypress: s
210.7489 	DATA 	correct
220.1726 	WARNING 	Multiple images have needed resizing - I'll stop bothering you!
225.6865 	WARNING 	Multiple images have needed resizing - I'll stop bothering you!
236.6380 	WARNING 	Multiple images have needed resizing - I'll stop bothering you!
247.6955 	WARNING 	Multiple images have needed resizing - I'll stop bothering you!
264.1401 	WARNING 	Multiple images have needed resizing - I'll stop bothering you!
269.6976 	WARNING 	Multiple images have needed resizing - I'll stop bothering you!
285.1831 	DATA 	Keypress: n
285.3001 	DATA 	correct
289.2627 	WARNING 	Multiple images have needed resizing - I'll stop bothering you!
305.7422 	WARNING 	Multiple images have needed resizing - I'll stop bothering you!
311.2285 	WARNING 	Multiple images have needed resizing - I'll stop bothering you!
327.7277 	WARNING 	Multiple images have needed resizing - I'll stop bothering you!
338.7604 	WARNING 	Multiple images have needed resizing - I'll stop bothering you!
349.7535 	WARNING 	Multiple images have needed resizing - I'll stop bothering you!
359.5335 	DATA 	Keypress: b
359.6491 	DATA 	correct
369.0994 	WARNING 	Multiple images have needed resizing - I'll stop bothering you!
374.5599 	WARNING 	Multiple images have needed resizing - I'll stop bothering you!
391.1113 	WARNING 	Multiple images have needed resizing - I'll stop bothering you!
396.5159 	WARNING 	Multiple images have needed resizing - I'll stop bothering you!
407.5972 	WARNING 	Multiple images have needed resizing - I'll stop bothering you!
413.0562 	WARNING 	Multiple images have needed resizing - I'll stop bothering you!
433.7319 	DATA 	Keypress: s
433.8484 	DATA 	correct
437.7942 	WARNING 	Multiple images have needed resizing - I'll stop bothering you!
448.7685 	WARNING 	Multiple images have needed resizing - I'll stop bothering you!
465.2202 	WARNING 	Multiple images have needed resizing - I'll stop bothering you!
476.3166 	WARNING 	Multiple images have needed resizing - I'll stop bothering you!
481.7681 	WARNING 	Multiple images have needed resizing - I'll stop bothering you!
498.3067 	WARNING 	Multiple images have needed resizing - I'll stop bothering you!
507.3653 	DATA 	Keypress: k
507.4810 	DATA 	correct
516.9177 	WARNING 	Multiple images have needed resizing - I'll stop bothering you!
522.4658 	WARNING 	Multiple images have needed resizing - I'll stop bothering you!
533.3761 	WARNING 	Multiple images have needed resizing - I'll stop bothering you!
544.4244 	WARNING 	Multiple images have needed resizing - I'll stop bothering you!
566.3617 	WARNING 	Multiple images have needed resizing - I'll stop bothering you!
571.8705 	WARNING 	Multiple images have needed resizing - I'll stop bothering you!
581.0818 	DATA 	Keypress: b
581.1974 	DATA 	correct
585.0860 	WARNING 	Multiple images have needed resizing - I'll stop bothering you!
590.6309 	WARNING 	Multiple images have needed resizing - I'll stop bothering you!
607.1725 	WARNING 	Multiple images have needed resizing - I'll stop bothering you!
618.1294 	WARNING 	Multiple images have needed resizing - I'll stop bothering you!
629.1240 	WARNING 	Multiple images have needed resizing - I'll stop bothering you!
634.6182 	WARNING 	Multiple images have needed resizing - I'll stop bothering you!
654.9644 	DATA 	Keypress: n
655.0811 	DATA 	correct
658.9695 	WARNING 	Multiple images have needed resizing - I'll stop bothering you!
664.5345 	WARNING 	Multiple images have needed resizing - I'll stop bothering you!
681.0545 	WARNING 	Multiple images have needed resizing - I'll stop bothering you!
686.5069 	WARNING 	Multiple images have needed resizing - I'll stop bothering you!
703.0029 	WARNING 	Multiple images have needed resizing - I'll stop bothering you!
719.4381 	WARNING 	Multiple images have needed resizing - I'll stop bothering you!
728.7307 	DATA 	Keypress: b
728.8464 	DATA 	correct
743.8205 	WARNING 	Multiple images have needed resizing - I'll stop bothering you!
749.3993 	WARNING 	Multiple images have needed resizing - I'll stop bothering you!
760.2831 	WARNING 	Multiple images have needed resizing - I'll stop bothering you!
765.8227 	WARNING 	Multiple images have needed resizing - I'll stop bothering you!
776.7316 	WARNING 	Multiple images have needed resizing - I'll stop bothering you!
787.7418 	WARNING 	Multiple images have needed resizing - I'll stop bothering you!
801.5802 	DATA 	Keypress: k
801.6969 	DATA 	correct
805.6270 	WARNING 	Multiple images have needed resizing - I'll stop bothering you!
811.2287 	WARNING 	Multiple images have needed resizing - I'll stop bothering you!
827.6101 	WARNING 	Multiple images have needed resizing - I'll stop bothering you!
844.1348 	WARNING 	Multiple images have needed resizing - I'll stop bothering you!
855.1439 	WARNING 	Multiple images have needed resizing - I'll stop bothering you!
866.1764 	WARNING 	Multiple images have needed resizing - I'll stop bothering you!
874.8777 	DATA 	Keypress: n
875.0124 	DATA 	correct
878.9250 	WARNING 	Multiple images have needed resizing - I'll stop bothering you!
884.4141 	WARNING 	Multiple images have needed resizing - I'll stop bothering you!
906.4426 	WARNING 	Multiple images have needed resizing - I'll stop bothering you!
917.4055 	WARNING 	Multiple images have needed resizing - I'll stop bothering you!
928.4701 	WARNING 	Multiple images have needed resizing - I'll stop bothering you!
933.9341 	WARNING 	Multiple images have needed resizing - I'll stop bothering you!
949.4614 	DATA 	Keypress: s
949.5772 	DATA 	correct
969.5098 	DATA 	Keypress: space
983.7765 	DATA 	Keypress: space
1019.4102 	DATA 	Keypress: p
1021.6615 	DATA 	Keypress: q
1036.1600 	DATA 	Keypress: p
1038.4114 	DATA 	Keypress: q
